-------------------------------------------------------------------------------
Test set: aed.FuncionesTest
-------------------------------------------------------------------------------
Tests run: 1, Failures: 0, Errors: 1, Skipped: 0, Time elapsed: 0.348 s <<< FAILURE! - in aed.FuncionesTest
aed.FuncionesTest.testFactorialRecursivo  Time elapsed: 0.211 s  <<< ERROR!
java.lang.StackOverflowError
	at aed.Funciones.factorialRecursivo(Funciones.java)
	at aed.Funciones.factorialRecursivo(Funciones.java:53)
	at aed.Funciones.factorialRecursivo(Funciones.java:53)
	at aed.Funciones.factorialRecursivo(Funciones.java:53)
	at aed.Funciones.factorialRecursivo(Funciones.java:53)
	at aed.Funciones.factorialRecursivo(Funciones.java:53)
	at aed.Funciones.factorialRecursivo(Funciones.java:53)
	at aed.Funciones.factorialRecursivo(Funciones.java:53)
	at aed.Funciones.factorialRecursivo(Funciones.java:53)
	at aed.Funciones.factorialRecursivo(Funciones.java:53)
	at aed.Funciones.factorialRecursivo(Funciones.java:53)
	at aed.Funciones.factorialRecursivo(Funciones.java:53)
	at aed.Funciones.factorialRecursivo(Funciones.java:53)
	at aed.Funciones.factorialRecursivo(Funciones.java:53)
	at aed.Funciones.factorialRecursivo(Funciones.java:53)
	at aed.Funciones.factorialRecursivo(Funciones.java:53)
	at aed.Funciones.factorialRecursivo(Funciones.java:53)
	at aed.Funciones.factorialRecursivo(Funciones.java:53)
	at aed.Funciones.factorialRecursivo(Funciones.java:53)
	at aed.Funciones.factorialRecursivo(Funciones.java:53)
	at aed.Funciones.factorialRecursivo(Funciones.java:53)
	at aed.Funciones.factorialRecursivo(Funciones.java:53)
	at aed.Funciones.factorialRecursivo(Funciones.java:53)
	at aed.Funciones.factorialRecursivo(Funciones.java:53)
	at aed.Funciones.factorialRecursivo(Funciones.java:53)
	at aed.Funciones.factorialRecursivo(Funciones.java:53)
	at aed.Funciones.factorialRecursivo(Funciones.java:53)
	at aed.Funciones.factorialRecursivo(Funciones.java:53)
	at aed.Funciones.factorialRecursivo(Funciones.java:53)
	at aed.Funciones.factorialRecursivo(Funciones.java:53)
	at aed.Funciones.factorialRecursivo(Funciones.java:53)
	at aed.Funciones.factorialRecursivo(Funciones.java:53)
	at aed.Funciones.factorialRecursivo(Funciones.java:53)
	at aed.Funciones.factorialRecursivo(Funciones.java:53)
	at aed.Funciones.factorialRecursivo(Funciones.java:53)
	at aed.Funciones.factorialRecursivo(Funciones.java:53)
	at aed.Funciones.factorialRecursivo(Funciones.java:53)
	at aed.Funciones.factorialRecursivo(Funciones.java:53)
	at aed.Funciones.factorialRecursivo(Funciones.java:53)
	at aed.Funciones.factorialRecursivo(Funciones.java:53)
	at aed.Funciones.factorialRecursivo(Funciones.java:53)
	at aed.Funciones.factorialRecursivo(Funciones.java:53)
	at aed.Funciones.factorialRecursivo(Funciones.java:53)
	at aed.Funciones.factorialRecursivo(Funciones.java:53)
	at aed.Funciones.factorialRecursivo(Funciones.java:53)
	at aed.Funciones.factorialRecursivo(Funciones.java:53)
	at aed.Funciones.factorialRecursivo(Funciones.java:53)
	at aed.Funciones.factorialRecursivo(Funciones.java:53)
	at aed.Funciones.factorialRecursivo(Funciones.java:53)
	at aed.Funciones.factorialRecursivo(Funciones.java:53)
	at aed.Funciones.factorialRecursivo(Funciones.java:53)
	at aed.Funciones.factorialRecursivo(Funciones.java:53)
	at aed.Funciones.factorialRecursivo(Funciones.java:53)
	at aed.Funciones.factorialRecursivo(Funciones.java:53)
	at aed.Funciones.factorialRecursivo(Funciones.java:53)
	at aed.Funciones.factorialRecursivo(Funciones.java:53)
	at aed.Funciones.factorialRecursivo(Funciones.java:53)
	at aed.Funciones.factorialRecursivo(Funciones.java:53)
	at aed.Funciones.factorialRecursivo(Funciones.java:53)
	at aed.Funciones.factorialRecursivo(Funciones.java:53)
	at aed.Funciones.factorialRecursivo(Funciones.java:53)
	at aed.Funciones.factorialRecursivo(Funciones.java:53)
	at aed.Funciones.factorialRecursivo(Funciones.java:53)
	at aed.Funciones.factorialRecursivo(Funciones.java:53)
	at aed.Funciones.factorialRecursivo(Funciones.java:53)
	at aed.Funciones.factorialRecursivo(Funciones.java:53)
	at aed.Funciones.factorialRecursivo(Funciones.java:53)
	at aed.Funciones.factorialRecursivo(Funciones.java:53)
	at aed.Funciones.factorialRecursivo(Funciones.java:53)
	at aed.Funciones.factorialRecursivo(Funciones.java:53)
	at aed.Funciones.factorialRecursivo(Funciones.java:53)
	at aed.Funciones.factorialRecursivo(Funciones.java:53)
	at aed.Funciones.factorialRecursivo(Funciones.java:53)
	at aed.Funciones.factorialRecursivo(Funciones.java:53)
	at aed.Funciones.factorialRecursivo(Funciones.java:53)
	at aed.Funciones.factorialRecursivo(Funciones.java:53)
	at aed.Funciones.factorialRecursivo(Funciones.java:53)
	at aed.Funciones.factorialRecursivo(Funciones.java:53)
	at aed.Funciones.factorialRecursivo(Funciones.java:53)
	at aed.Funciones.factorialRecursivo(Funciones.java:53)
	at aed.Funciones.factorialRecursivo(Funciones.java:53)
	at aed.Funciones.factorialRecursivo(Funciones.java:53)
	at aed.Funciones.factorialRecursivo(Funciones.java:53)
	at aed.Funciones.factorialRecursivo(Funciones.java:53)
	at aed.Funciones.factorialRecursivo(Funciones.java:53)
	at aed.Funciones.factorialRecursivo(Funciones.java:53)
	at aed.Funciones.factorialRecursivo(Funciones.java:53)
	at aed.Funciones.factorialRecursivo(Funciones.java:53)
	at aed.Funciones.factorialRecursivo(Funciones.java:53)
	at aed.Funciones.factorialRecursivo(Funciones.java:53)
	at aed.Funciones.factorialRecursivo(Funciones.java:53)
	at aed.Funciones.factorialRecursivo(Funciones.java:53)
	at aed.Funciones.factorialRecursivo(Funciones.java:53)
	at aed.Funciones.factorialRecursivo(Funciones.java:53)
	at aed.Funciones.factorialRecursivo(Funciones.java:53)
	at aed.Funciones.factorialRecursivo(Funciones.java:53)
	at aed.Funciones.factorialRecursivo(Funciones.java:53)
	at aed.Funciones.factorialRecursivo(Funciones.java:53)
	at aed.Funciones.factorialRecursivo(Funciones.java:53)
	at aed.Funciones.factorialRecursivo(Funciones.java:53)
	at aed.Funciones.factorialRecursivo(Funciones.java:53)
	at aed.Funciones.factorialRecursivo(Funciones.java:53)
	at aed.Funciones.factorialRecursivo(Funciones.java:53)
	at aed.Funciones.factorialRecursivo(Funciones.java:53)
	at aed.Funciones.factorialRecursivo(Funciones.java:53)
	at aed.Funciones.factorialRecursivo(Funciones.java:53)
	at aed.Funciones.factorialRecursivo(Funciones.java:53)
	at aed.Funciones.factorialRecursivo(Funciones.java:53)
	at aed.Funciones.factorialRecursivo(Funciones.java:53)
	at aed.Funciones.factorialRecursivo(Funciones.java:53)
	at aed.Funciones.factorialRecursivo(Funciones.java:53)
	at aed.Funciones.factorialRecursivo(Funciones.java:53)
	at aed.Funciones.factorialRecursivo(Funciones.java:53)
	at aed.Funciones.factorialRecursivo(Funciones.java:53)
	at aed.Funciones.factorialRecursivo(Funciones.java:53)
	at aed.Funciones.factorialRecursivo(Funciones.java:53)
	at aed.Funciones.factorialRecursivo(Funciones.java:53)
	at aed.Funciones.factorialRecursivo(Funciones.java:53)
	at aed.Funciones.factorialRecursivo(Funciones.java:53)
	at aed.Funciones.factorialRecursivo(Funciones.java:53)
	at aed.Funciones.factorialRecursivo(Funciones.java:53)
	at aed.Funciones.factorialRecursivo(Funciones.java:53)
	at aed.Funciones.factorialRecursivo(Funciones.java:53)
	at aed.Funciones.factorialRecursivo(Funciones.java:53)
	at aed.Funciones.factorialRecursivo(Funciones.java:53)
	at aed.Funciones.factorialRecursivo(Funciones.java:53)
	at aed.Funciones.factorialRecursivo(Funciones.java:53)
	at aed.Funciones.factorialRecursivo(Funciones.java:53)
	at aed.Funciones.factorialRecursivo(Funciones.java:53)
	at aed.Funciones.factorialRecursivo(Funciones.java:53)
	at aed.Funciones.factorialRecursivo(Funciones.java:53)
	at aed.Funciones.factorialRecursivo(Funciones.java:53)
	at aed.Funciones.factorialRecursivo(Funciones.java:53)
	at aed.Funciones.factorialRecursivo(Funciones.java:53)
	at aed.Funciones.factorialRecursivo(Funciones.java:53)
	at aed.Funciones.factorialRecursivo(Funciones.java:53)
	at aed.Funciones.factorialRecursivo(Funciones.java:53)
	at aed.Funciones.factorialRecursivo(Funciones.java:53)
	at aed.Funciones.factorialRecursivo(Funciones.java:53)
	at aed.Funciones.factorialRecursivo(Funciones.java:53)
	at aed.Funciones.factorialRecursivo(Funciones.java:53)
	at aed.Funciones.factorialRecursivo(Funciones.java:53)
	at aed.Funciones.factorialRecursivo(Funciones.java:53)
	at aed.Funciones.factorialRecursivo(Funciones.java:53)
	at aed.Funciones.factorialRecursivo(Funciones.java:53)
	at aed.Funciones.factorialRecursivo(Funciones.java:53)
	at aed.Funciones.factorialRecursivo(Funciones.java:53)
	at aed.Funciones.factorialRecursivo(Funciones.java:53)
	at aed.Funciones.factorialRecursivo(Funciones.java:53)
	at aed.Funciones.factorialRecursivo(Funciones.java:53)
	at aed.Funciones.factorialRecursivo(Funciones.java:53)
	at aed.Funciones.factorialRecursivo(Funciones.java:53)
	at aed.Funciones.factorialRecursivo(Funciones.java:53)
	at aed.Funciones.factorialRecursivo(Funciones.java:53)
	at aed.Funciones.factorialRecursivo(Funciones.java:53)
	at aed.Funciones.factorialRecursivo(Funciones.java:53)
	at aed.Funciones.factorialRecursivo(Funciones.java:53)
	at aed.Funciones.factorialRecursivo(Funciones.java:53)
	at aed.Funciones.factorialRecursivo(Funciones.java:53)
	at aed.Funciones.factorialRecursivo(Funciones.java:53)
	at aed.Funciones.factorialRecursivo(Funciones.java:53)
	at aed.Funciones.factorialRecursivo(Funciones.java:53)
	at aed.Funciones.factorialRecursivo(Funciones.java:53)
	at aed.Funciones.factorialRecursivo(Funciones.java:53)
	at aed.Funciones.factorialRecursivo(Funciones.java:53)
	at aed.Funciones.factorialRecursivo(Funciones.java:53)
	at aed.Funciones.factorialRecursivo(Funciones.java:53)
	at aed.Funciones.factorialRecursivo(Funciones.java:53)
	at aed.Funciones.factorialRecursivo(Funciones.java:53)
	at aed.Funciones.factorialRecursivo(Funciones.java:53)
	at aed.Funciones.factorialRecursivo(Funciones.java:53)
	at aed.Funciones.factorialRecursivo(Funciones.java:53)
	at aed.Funciones.factorialRecursivo(Funciones.java:53)
	at aed.Funciones.factorialRecursivo(Funciones.java:53)
	at aed.Funciones.factorialRecursivo(Funciones.java:53)
	at aed.Funciones.factorialRecursivo(Funciones.java:53)
	at aed.Funciones.factorialRecursivo(Funciones.java:53)
	at aed.Funciones.factorialRecursivo(Funciones.java:53)
	at aed.Funciones.factorialRecursivo(Funciones.java:53)
	at aed.Funciones.factorialRecursivo(Funciones.java:53)
	at aed.Funciones.factorialRecursivo(Funciones.java:53)
	at aed.Funciones.factorialRecursivo(Funciones.java:53)
	at aed.Funciones.factorialRecursivo(Funciones.java:53)
	at aed.Funciones.factorialRecursivo(Funciones.java:53)
	at aed.Funciones.factorialRecursivo(Funciones.java:53)
	at aed.Funciones.factorialRecursivo(Funciones.java:53)
	at aed.Funciones.factorialRecursivo(Funciones.java:53)
	at aed.Funciones.factorialRecursivo(Funciones.java:53)
	at aed.Funciones.factorialRecursivo(Funciones.java:53)
	at aed.Funciones.factorialRecursivo(Funciones.java:53)
	at aed.Funciones.factorialRecursivo(Funciones.java:53)
	at aed.Funciones.factorialRecursivo(Funciones.java:53)
	at aed.Funciones.factorialRecursivo(Funciones.java:53)
	at aed.Funciones.factorialRecursivo(Funciones.java:53)
	at aed.Funciones.factorialRecursivo(Funciones.java:53)
	at aed.Funciones.factorialRecursivo(Funciones.java:53)
	at aed.Funciones.factorialRecursivo(Funciones.java:53)
	at aed.Funciones.factorialRecursivo(Funciones.java:53)
	at aed.Funciones.factorialRecursivo(Funciones.java:53)
	at aed.Funciones.factorialRecursivo(Funciones.java:53)
	at aed.Funciones.factorialRecursivo(Funciones.java:53)
	at aed.Funciones.factorialRecursivo(Funciones.java:53)
	at aed.Funciones.factorialRecursivo(Funciones.java:53)
	at aed.Funciones.factorialRecursivo(Funciones.java:53)
	at aed.Funciones.factorialRecursivo(Funciones.java:53)
	at aed.Funciones.factorialRecursivo(Funciones.java:53)
	at aed.Funciones.factorialRecursivo(Funciones.java:53)
	at aed.Funciones.factorialRecursivo(Funciones.java:53)
	at aed.Funciones.factorialRecursivo(Funciones.java:53)
	at aed.Funciones.factorialRecursivo(Funciones.java:53)
	at aed.Funciones.factorialRecursivo(Funciones.java:53)
	at aed.Funciones.factorialRecursivo(Funciones.java:53)
	at aed.Funciones.factorialRecursivo(Funciones.java:53)
	at aed.Funciones.factorialRecursivo(Funciones.java:53)
	at aed.Funciones.factorialRecursivo(Funciones.java:53)
	at aed.Funciones.factorialRecursivo(Funciones.java:53)
	at aed.Funciones.factorialRecursivo(Funciones.java:53)
	at aed.Funciones.factorialRecursivo(Funciones.java:53)
	at aed.Funciones.factorialRecursivo(Funciones.java:53)
	at aed.Funciones.factorialRecursivo(Funciones.java:53)
	at aed.Funciones.factorialRecursivo(Funciones.java:53)
	at aed.Funciones.factorialRecursivo(Funciones.java:53)
	at aed.Funciones.factorialRecursivo(Funciones.java:53)
	at aed.Funciones.factorialRecursivo(Funciones.java:53)
	at aed.Funciones.factorialRecursivo(Funciones.java:53)
	at aed.Funciones.factorialRecursivo(Funciones.java:53)
	at aed.Funciones.factorialRecursivo(Funciones.java:53)
	at aed.Funciones.factorialRecursivo(Funciones.java:53)
	at aed.Funciones.factorialRecursivo(Funciones.java:53)
	at aed.Funciones.factorialRecursivo(Funciones.java:53)
	at aed.Funciones.factorialRecursivo(Funciones.java:53)
	at aed.Funciones.factorialRecursivo(Funciones.java:53)
	at aed.Funciones.factorialRecursivo(Funciones.java:53)
	at aed.Funciones.factorialRecursivo(Funciones.java:53)
	at aed.Funciones.factorialRecursivo(Funciones.java:53)
	at aed.Funciones.factorialRecursivo(Funciones.java:53)
	at aed.Funciones.factorialRecursivo(Funciones.java:53)
	at aed.Funciones.factorialRecursivo(Funciones.java:53)
	at aed.Funciones.factorialRecursivo(Funciones.java:53)
	at aed.Funciones.factorialRecursivo(Funciones.java:53)
	at aed.Funciones.factorialRecursivo(Funciones.java:53)
	at aed.Funciones.factorialRecursivo(Funciones.java:53)
	at aed.Funciones.factorialRecursivo(Funciones.java:53)
	at aed.Funciones.factorialRecursivo(Funciones.java:53)
	at aed.Funciones.factorialRecursivo(Funciones.java:53)
	at aed.Funciones.factorialRecursivo(Funciones.java:53)
	at aed.Funciones.factorialRecursivo(Funciones.java:53)
	at aed.Funciones.factorialRecursivo(Funciones.java:53)
	at aed.Funciones.factorialRecursivo(Funciones.java:53)
	at aed.Funciones.factorialRecursivo(Funciones.java:53)
	at aed.Funciones.factorialRecursivo(Funciones.java:53)
	at aed.Funciones.factorialRecursivo(Funciones.java:53)
	at aed.Funciones.factorialRecursivo(Funciones.java:53)
	at aed.Funciones.factorialRecursivo(Funciones.java:53)
	at aed.Funciones.factorialRecursivo(Funciones.java:53)
	at aed.Funciones.factorialRecursivo(Funciones.java:53)
	at aed.Funciones.factorialRecursivo(Funciones.java:53)
	at aed.Funciones.factorialRecursivo(Funciones.java:53)
	at aed.Funciones.factorialRecursivo(Funciones.java:53)
	at aed.Funciones.factorialRecursivo(Funciones.java:53)
	at aed.Funciones.factorialRecursivo(Funciones.java:53)
	at aed.Funciones.factorialRecursivo(Funciones.java:53)
	at aed.Funciones.factorialRecursivo(Funciones.java:53)
	at aed.Funciones.factorialRecursivo(Funciones.java:53)
	at aed.Funciones.factorialRecursivo(Funciones.java:53)
	at aed.Funciones.factorialRecursivo(Funciones.java:53)
	at aed.Funciones.factorialRecursivo(Funciones.java:53)
	at aed.Funciones.factorialRecursivo(Funciones.java:53)
	at aed.Funciones.factorialRecursivo(Funciones.java:53)
	at aed.Funciones.factorialRecursivo(Funciones.java:53)
	at aed.Funciones.factorialRecursivo(Funciones.java:53)
	at aed.Funciones.factorialRecursivo(Funciones.java:53)
	at aed.Funciones.factorialRecursivo(Funciones.java:53)
	at aed.Funciones.factorialRecursivo(Funciones.java:53)
	at aed.Funciones.factorialRecursivo(Funciones.java:53)
	at aed.Funciones.factorialRecursivo(Funciones.java:53)
	at aed.Funciones.factorialRecursivo(Funciones.java:53)
	at aed.Funciones.factorialRecursivo(Funciones.java:53)
	at aed.Funciones.factorialRecursivo(Funciones.java:53)
	at aed.Funciones.factorialRecursivo(Funciones.java:53)
	at aed.Funciones.factorialRecursivo(Funciones.java:53)
	at aed.Funciones.factorialRecursivo(Funciones.java:53)
	at aed.Funciones.factorialRecursivo(Funciones.java:53)
	at aed.Funciones.factorialRecursivo(Funciones.java:53)
	at aed.Funciones.factorialRecursivo(Funciones.java:53)
	at aed.Funciones.factorialRecursivo(Funciones.java:53)
	at aed.Funciones.factorialRecursivo(Funciones.java:53)
	at aed.Funciones.factorialRecursivo(Funciones.java:53)
	at aed.Funciones.factorialRecursivo(Funciones.java:53)
	at aed.Funciones.factorialRecursivo(Funciones.java:53)
	at aed.Funciones.factorialRecursivo(Funciones.java:53)
	at aed.Funciones.factorialRecursivo(Funciones.java:53)
	at aed.Funciones.factorialRecursivo(Funciones.java:53)
	at aed.Funciones.factorialRecursivo(Funciones.java:53)
	at aed.Funciones.factorialRecursivo(Funciones.java:53)
	at aed.Funciones.factorialRecursivo(Funciones.java:53)
	at aed.Funciones.factorialRecursivo(Funciones.java:53)
	at aed.Funciones.factorialRecursivo(Funciones.java:53)
	at aed.Funciones.factorialRecursivo(Funciones.java:53)
	at aed.Funciones.factorialRecursivo(Funciones.java:53)
	at aed.Funciones.factorialRecursivo(Funciones.java:53)
	at aed.Funciones.factorialRecursivo(Funciones.java:53)
	at aed.Funciones.factorialRecursivo(Funciones.java:53)
	at aed.Funciones.factorialRecursivo(Funciones.java:53)
	at aed.Funciones.factorialRecursivo(Funciones.java:53)
	at aed.Funciones.factorialRecursivo(Funciones.java:53)
	at aed.Funciones.factorialRecursivo(Funciones.java:53)
	at aed.Funciones.factorialRecursivo(Funciones.java:53)
	at aed.Funciones.factorialRecursivo(Funciones.java:53)
	at aed.Funciones.factorialRecursivo(Funciones.java:53)
	at aed.Funciones.factorialRecursivo(Funciones.java:53)
	at aed.Funciones.factorialRecursivo(Funciones.java:53)
	at aed.Funciones.factorialRecursivo(Funciones.java:53)
	at aed.Funciones.factorialRecursivo(Funciones.java:53)
	at aed.Funciones.factorialRecursivo(Funciones.java:53)
	at aed.Funciones.factorialRecursivo(Funciones.java:53)
	at aed.Funciones.factorialRecursivo(Funciones.java:53)
	at aed.Funciones.factorialRecursivo(Funciones.java:53)
	at aed.Funciones.factorialRecursivo(Funciones.java:53)
	at aed.Funciones.factorialRecursivo(Funciones.java:53)
	at aed.Funciones.factorialRecursivo(Funciones.java:53)
	at aed.Funciones.factorialRecursivo(Funciones.java:53)
	at aed.Funciones.factorialRecursivo(Funciones.java:53)
	at aed.Funciones.factorialRecursivo(Funciones.java:53)
	at aed.Funciones.factorialRecursivo(Funciones.java:53)
	at aed.Funciones.factorialRecursivo(Funciones.java:53)
	at aed.Funciones.factorialRecursivo(Funciones.java:53)
	at aed.Funciones.factorialRecursivo(Funciones.java:53)
	at aed.Funciones.factorialRecursivo(Funciones.java:53)
	at aed.Funciones.factorialRecursivo(Funciones.java:53)
	at aed.Funciones.factorialRecursivo(Funciones.java:53)
	at aed.Funciones.factorialRecursivo(Funciones.java:53)
	at aed.Funciones.factorialRecursivo(Funciones.java:53)
	at aed.Funciones.factorialRecursivo(Funciones.java:53)
	at aed.Funciones.factorialRecursivo(Funciones.java:53)
	at aed.Funciones.factorialRecursivo(Funciones.java:53)
	at aed.Funciones.factorialRecursivo(Funciones.java:53)
	at aed.Funciones.factorialRecursivo(Funciones.java:53)
	at aed.Funciones.factorialRecursivo(Funciones.java:53)
	at aed.Funciones.factorialRecursivo(Funciones.java:53)
	at aed.Funciones.factorialRecursivo(Funciones.java:53)
	at aed.Funciones.factorialRecursivo(Funciones.java:53)
	at aed.Funciones.factorialRecursivo(Funciones.java:53)
	at aed.Funciones.factorialRecursivo(Funciones.java:53)
	at aed.Funciones.factorialRecursivo(Funciones.java:53)
	at aed.Funciones.factorialRecursivo(Funciones.java:53)
	at aed.Funciones.factorialRecursivo(Funciones.java:53)
	at aed.Funciones.factorialRecursivo(Funciones.java:53)
	at aed.Funciones.factorialRecursivo(Funciones.java:53)
	at aed.Funciones.factorialRecursivo(Funciones.java:53)
	at aed.Funciones.factorialRecursivo(Funciones.java:53)
	at aed.Funciones.factorialRecursivo(Funciones.java:53)
	at aed.Funciones.factorialRecursivo(Funciones.java:53)
	at aed.Funciones.factorialRecursivo(Funciones.java:53)
	at aed.Funciones.factorialRecursivo(Funciones.java:53)
	at aed.Funciones.factorialRecursivo(Funciones.java:53)
	at aed.Funciones.factorialRecursivo(Funciones.java:53)
	at aed.Funciones.factorialRecursivo(Funciones.java:53)
	at aed.Funciones.factorialRecursivo(Funciones.java:53)
	at aed.Funciones.factorialRecursivo(Funciones.java:53)
	at aed.Funciones.factorialRecursivo(Funciones.java:53)
	at aed.Funciones.factorialRecursivo(Funciones.java:53)
	at aed.Funciones.factorialRecursivo(Funciones.java:53)
	at aed.Funciones.factorialRecursivo(Funciones.java:53)
	at aed.Funciones.factorialRecursivo(Funciones.java:53)
	at aed.Funciones.factorialRecursivo(Funciones.java:53)
	at aed.Funciones.factorialRecursivo(Funciones.java:53)
	at aed.Funciones.factorialRecursivo(Funciones.java:53)
	at aed.Funciones.factorialRecursivo(Funciones.java:53)
	at aed.Funciones.factorialRecursivo(Funciones.java:53)
	at aed.Funciones.factorialRecursivo(Funciones.java:53)
	at aed.Funciones.factorialRecursivo(Funciones.java:53)
	at aed.Funciones.factorialRecursivo(Funciones.java:53)
	at aed.Funciones.factorialRecursivo(Funciones.java:53)
	at aed.Funciones.factorialRecursivo(Funciones.java:53)
	at aed.Funciones.factorialRecursivo(Funciones.java:53)
	at aed.Funciones.factorialRecursivo(Funciones.java:53)
	at aed.Funciones.factorialRecursivo(Funciones.java:53)
	at aed.Funciones.factorialRecursivo(Funciones.java:53)
	at aed.Funciones.factorialRecursivo(Funciones.java:53)
	at aed.Funciones.factorialRecursivo(Funciones.java:53)
	at aed.Funciones.factorialRecursivo(Funciones.java:53)
	at aed.Funciones.factorialRecursivo(Funciones.java:53)
	at aed.Funciones.factorialRecursivo(Funciones.java:53)
	at aed.Funciones.factorialRecursivo(Funciones.java:53)
	at aed.Funciones.factorialRecursivo(Funciones.java:53)
	at aed.Funciones.factorialRecursivo(Funciones.java:53)
	at aed.Funciones.factorialRecursivo(Funciones.java:53)
	at aed.Funciones.factorialRecursivo(Funciones.java:53)
	at aed.Funciones.factorialRecursivo(Funciones.java:53)
	at aed.Funciones.factorialRecursivo(Funciones.java:53)
	at aed.Funciones.factorialRecursivo(Funciones.java:53)
	at aed.Funciones.factorialRecursivo(Funciones.java:53)
	at aed.Funciones.factorialRecursivo(Funciones.java:53)
	at aed.Funciones.factorialRecursivo(Funciones.java:53)
	at aed.Funciones.factorialRecursivo(Funciones.java:53)
	at aed.Funciones.factorialRecursivo(Funciones.java:53)
	at aed.Funciones.factorialRecursivo(Funciones.java:53)
	at aed.Funciones.factorialRecursivo(Funciones.java:53)
	at aed.Funciones.factorialRecursivo(Funciones.java:53)
	at aed.Funciones.factorialRecursivo(Funciones.java:53)
	at aed.Funciones.factorialRecursivo(Funciones.java:53)
	at aed.Funciones.factorialRecursivo(Funciones.java:53)
	at aed.Funciones.factorialRecursivo(Funciones.java:53)
	at aed.Funciones.factorialRecursivo(Funciones.java:53)
	at aed.Funciones.factorialRecursivo(Funciones.java:53)
	at aed.Funciones.factorialRecursivo(Funciones.java:53)
	at aed.Funciones.factorialRecursivo(Funciones.java:53)
	at aed.Funciones.factorialRecursivo(Funciones.java:53)
	at aed.Funciones.factorialRecursivo(Funciones.java:53)
	at aed.Funciones.factorialRecursivo(Funciones.java:53)
	at aed.Funciones.factorialRecursivo(Funciones.java:53)
	at aed.Funciones.factorialRecursivo(Funciones.java:53)
	at aed.Funciones.factorialRecursivo(Funciones.java:53)
	at aed.Funciones.factorialRecursivo(Funciones.java:53)
	at aed.Funciones.factorialRecursivo(Funciones.java:53)
	at aed.Funciones.factorialRecursivo(Funciones.java:53)
	at aed.Funciones.factorialRecursivo(Funciones.java:53)
	at aed.Funciones.factorialRecursivo(Funciones.java:53)
	at aed.Funciones.factorialRecursivo(Funciones.java:53)
	at aed.Funciones.factorialRecursivo(Funciones.java:53)
	at aed.Funciones.factorialRecursivo(Funciones.java:53)
	at aed.Funciones.factorialRecursivo(Funciones.java:53)
	at aed.Funciones.factorialRecursivo(Funciones.java:53)
	at aed.Funciones.factorialRecursivo(Funciones.java:53)
	at aed.Funciones.factorialRecursivo(Funciones.java:53)
	at aed.Funciones.factorialRecursivo(Funciones.java:53)
	at aed.Funciones.factorialRecursivo(Funciones.java:53)
	at aed.Funciones.factorialRecursivo(Funciones.java:53)
	at aed.Funciones.factorialRecursivo(Funciones.java:53)
	at aed.Funciones.factorialRecursivo(Funciones.java:53)
	at aed.Funciones.factorialRecursivo(Funciones.java:53)
	at aed.Funciones.factorialRecursivo(Funciones.java:53)
	at aed.Funciones.factorialRecursivo(Funciones.java:53)
	at aed.Funciones.factorialRecursivo(Funciones.java:53)
	at aed.Funciones.factorialRecursivo(Funciones.java:53)
	at aed.Funciones.factorialRecursivo(Funciones.java:53)
	at aed.Funciones.factorialRecursivo(Funciones.java:53)
	at aed.Funciones.factorialRecursivo(Funciones.java:53)
	at aed.Funciones.factorialRecursivo(Funciones.java:53)
	at aed.Funciones.factorialRecursivo(Funciones.java:53)
	at aed.Funciones.factorialRecursivo(Funciones.java:53)
	at aed.Funciones.factorialRecursivo(Funciones.java:53)
	at aed.Funciones.factorialRecursivo(Funciones.java:53)
	at aed.Funciones.factorialRecursivo(Funciones.java:53)
	at aed.Funciones.factorialRecursivo(Funciones.java:53)
	at aed.Funciones.factorialRecursivo(Funciones.java:53)
	at aed.Funciones.factorialRecursivo(Funciones.java:53)
	at aed.Funciones.factorialRecursivo(Funciones.java:53)
	at aed.Funciones.factorialRecursivo(Funciones.java:53)
	at aed.Funciones.factorialRecursivo(Funciones.java:53)
	at aed.Funciones.factorialRecursivo(Funciones.java:53)
	at aed.Funciones.factorialRecursivo(Funciones.java:53)
	at aed.Funciones.factorialRecursivo(Funciones.java:53)
	at aed.Funciones.factorialRecursivo(Funciones.java:53)
	at aed.Funciones.factorialRecursivo(Funciones.java:53)
	at aed.Funciones.factorialRecursivo(Funciones.java:53)
	at aed.Funciones.factorialRecursivo(Funciones.java:53)
	at aed.Funciones.factorialRecursivo(Funciones.java:53)
	at aed.Funciones.factorialRecursivo(Funciones.java:53)
	at aed.Funciones.factorialRecursivo(Funciones.java:53)
	at aed.Funciones.factorialRecursivo(Funciones.java:53)
	at aed.Funciones.factorialRecursivo(Funciones.java:53)
	at aed.Funciones.factorialRecursivo(Funciones.java:53)
	at aed.Funciones.factorialRecursivo(Funciones.java:53)
	at aed.Funciones.factorialRecursivo(Funciones.java:53)
	at aed.Funciones.factorialRecursivo(Funciones.java:53)
	at aed.Funciones.factorialRecursivo(Funciones.java:53)
	at aed.Funciones.factorialRecursivo(Funciones.java:53)
	at aed.Funciones.factorialRecursivo(Funciones.java:53)
	at aed.Funciones.factorialRecursivo(Funciones.java:53)
	at aed.Funciones.factorialRecursivo(Funciones.java:53)
	at aed.Funciones.factorialRecursivo(Funciones.java:53)
	at aed.Funciones.factorialRecursivo(Funciones.java:53)
	at aed.Funciones.factorialRecursivo(Funciones.java:53)
	at aed.Funciones.factorialRecursivo(Funciones.java:53)
	at aed.Funciones.factorialRecursivo(Funciones.java:53)
	at aed.Funciones.factorialRecursivo(Funciones.java:53)
	at aed.Funciones.factorialRecursivo(Funciones.java:53)
	at aed.Funciones.factorialRecursivo(Funciones.java:53)
	at aed.Funciones.factorialRecursivo(Funciones.java:53)
	at aed.Funciones.factorialRecursivo(Funciones.java:53)
	at aed.Funciones.factorialRecursivo(Funciones.java:53)
	at aed.Funciones.factorialRecursivo(Funciones.java:53)
	at aed.Funciones.factorialRecursivo(Funciones.java:53)
	at aed.Funciones.factorialRecursivo(Funciones.java:53)
	at aed.Funciones.factorialRecursivo(Funciones.java:53)
	at aed.Funciones.factorialRecursivo(Funciones.java:53)
	at aed.Funciones.factorialRecursivo(Funciones.java:53)
	at aed.Funciones.factorialRecursivo(Funciones.java:53)
	at aed.Funciones.factorialRecursivo(Funciones.java:53)
	at aed.Funciones.factorialRecursivo(Funciones.java:53)
	at aed.Funciones.factorialRecursivo(Funciones.java:53)
	at aed.Funciones.factorialRecursivo(Funciones.java:53)
	at aed.Funciones.factorialRecursivo(Funciones.java:53)
	at aed.Funciones.factorialRecursivo(Funciones.java:53)
	at aed.Funciones.factorialRecursivo(Funciones.java:53)
	at aed.Funciones.factorialRecursivo(Funciones.java:53)
	at aed.Funciones.factorialRecursivo(Funciones.java:53)
	at aed.Funciones.factorialRecursivo(Funciones.java:53)
	at aed.Funciones.factorialRecursivo(Funciones.java:53)
	at aed.Funciones.factorialRecursivo(Funciones.java:53)
	at aed.Funciones.factorialRecursivo(Funciones.java:53)
	at aed.Funciones.factorialRecursivo(Funciones.java:53)
	at aed.Funciones.factorialRecursivo(Funciones.java:53)
	at aed.Funciones.factorialRecursivo(Funciones.java:53)
	at aed.Funciones.factorialRecursivo(Funciones.java:53)
	at aed.Funciones.factorialRecursivo(Funciones.java:53)
	at aed.Funciones.factorialRecursivo(Funciones.java:53)
	at aed.Funciones.factorialRecursivo(Funciones.java:53)
	at aed.Funciones.factorialRecursivo(Funciones.java:53)
	at aed.Funciones.factorialRecursivo(Funciones.java:53)
	at aed.Funciones.factorialRecursivo(Funciones.java:53)
	at aed.Funciones.factorialRecursivo(Funciones.java:53)
	at aed.Funciones.factorialRecursivo(Funciones.java:53)
	at aed.Funciones.factorialRecursivo(Funciones.java:53)
	at aed.Funciones.factorialRecursivo(Funciones.java:53)
	at aed.Funciones.factorialRecursivo(Funciones.java:53)
	at aed.Funciones.factorialRecursivo(Funciones.java:53)
	at aed.Funciones.factorialRecursivo(Funciones.java:53)
	at aed.Funciones.factorialRecursivo(Funciones.java:53)
	at aed.Funciones.factorialRecursivo(Funciones.java:53)
	at aed.Funciones.factorialRecursivo(Funciones.java:53)
	at aed.Funciones.factorialRecursivo(Funciones.java:53)
	at aed.Funciones.factorialRecursivo(Funciones.java:53)
	at aed.Funciones.factorialRecursivo(Funciones.java:53)
	at aed.Funciones.factorialRecursivo(Funciones.java:53)
	at aed.Funciones.factorialRecursivo(Funciones.java:53)
	at aed.Funciones.factorialRecursivo(Funciones.java:53)
	at aed.Funciones.factorialRecursivo(Funciones.java:53)
	at aed.Funciones.factorialRecursivo(Funciones.java:53)
	at aed.Funciones.factorialRecursivo(Funciones.java:53)
	at aed.Funciones.factorialRecursivo(Funciones.java:53)
	at aed.Funciones.factorialRecursivo(Funciones.java:53)
	at aed.Funciones.factorialRecursivo(Funciones.java:53)
	at aed.Funciones.factorialRecursivo(Funciones.java:53)
	at aed.Funciones.factorialRecursivo(Funciones.java:53)
	at aed.Funciones.factorialRecursivo(Funciones.java:53)
	at aed.Funciones.factorialRecursivo(Funciones.java:53)
	at aed.Funciones.factorialRecursivo(Funciones.java:53)
	at aed.Funciones.factorialRecursivo(Funciones.java:53)
	at aed.Funciones.factorialRecursivo(Funciones.java:53)
	at aed.Funciones.factorialRecursivo(Funciones.java:53)
	at aed.Funciones.factorialRecursivo(Funciones.java:53)
	at aed.Funciones.factorialRecursivo(Funciones.java:53)
	at aed.Funciones.factorialRecursivo(Funciones.java:53)
	at aed.Funciones.factorialRecursivo(Funciones.java:53)
	at aed.Funciones.factorialRecursivo(Funciones.java:53)
	at aed.Funciones.factorialRecursivo(Funciones.java:53)
	at aed.Funciones.factorialRecursivo(Funciones.java:53)
	at aed.Funciones.factorialRecursivo(Funciones.java:53)
	at aed.Funciones.factorialRecursivo(Funciones.java:53)
	at aed.Funciones.factorialRecursivo(Funciones.java:53)
	at aed.Funciones.factorialRecursivo(Funciones.java:53)
	at aed.Funciones.factorialRecursivo(Funciones.java:53)
	at aed.Funciones.factorialRecursivo(Funciones.java:53)
	at aed.Funciones.factorialRecursivo(Funciones.java:53)
	at aed.Funciones.factorialRecursivo(Funciones.java:53)
	at aed.Funciones.factorialRecursivo(Funciones.java:53)
	at aed.Funciones.factorialRecursivo(Funciones.java:53)
	at aed.Funciones.factorialRecursivo(Funciones.java:53)
	at aed.Funciones.factorialRecursivo(Funciones.java:53)
	at aed.Funciones.factorialRecursivo(Funciones.java:53)
	at aed.Funciones.factorialRecursivo(Funciones.java:53)
	at aed.Funciones.factorialRecursivo(Funciones.java:53)
	at aed.Funciones.factorialRecursivo(Funciones.java:53)
	at aed.Funciones.factorialRecursivo(Funciones.java:53)
	at aed.Funciones.factorialRecursivo(Funciones.java:53)
	at aed.Funciones.factorialRecursivo(Funciones.java:53)
	at aed.Funciones.factorialRecursivo(Funciones.java:53)
	at aed.Funciones.factorialRecursivo(Funciones.java:53)
	at aed.Funciones.factorialRecursivo(Funciones.java:53)
	at aed.Funciones.factorialRecursivo(Funciones.java:53)
	at aed.Funciones.factorialRecursivo(Funciones.java:53)
	at aed.Funciones.factorialRecursivo(Funciones.java:53)
	at aed.Funciones.factorialRecursivo(Funciones.java:53)
	at aed.Funciones.factorialRecursivo(Funciones.java:53)
	at aed.Funciones.factorialRecursivo(Funciones.java:53)
	at aed.Funciones.factorialRecursivo(Funciones.java:53)
	at aed.Funciones.factorialRecursivo(Funciones.java:53)
	at aed.Funciones.factorialRecursivo(Funciones.java:53)
	at aed.Funciones.factorialRecursivo(Funciones.java:53)
	at aed.Funciones.factorialRecursivo(Funciones.java:53)
	at aed.Funciones.factorialRecursivo(Funciones.java:53)
	at aed.Funciones.factorialRecursivo(Funciones.java:53)
	at aed.Funciones.factorialRecursivo(Funciones.java:53)
	at aed.Funciones.factorialRecursivo(Funciones.java:53)
	at aed.Funciones.factorialRecursivo(Funciones.java:53)
	at aed.Funciones.factorialRecursivo(Funciones.java:53)
	at aed.Funciones.factorialRecursivo(Funciones.java:53)
	at aed.Funciones.factorialRecursivo(Funciones.java:53)
	at aed.Funciones.factorialRecursivo(Funciones.java:53)
	at aed.Funciones.factorialRecursivo(Funciones.java:53)
	at aed.Funciones.factorialRecursivo(Funciones.java:53)
	at aed.Funciones.factorialRecursivo(Funciones.java:53)
	at aed.Funciones.factorialRecursivo(Funciones.java:53)
	at aed.Funciones.factorialRecursivo(Funciones.java:53)
	at aed.Funciones.factorialRecursivo(Funciones.java:53)
	at aed.Funciones.factorialRecursivo(Funciones.java:53)
	at aed.Funciones.factorialRecursivo(Funciones.java:53)
	at aed.Funciones.factorialRecursivo(Funciones.java:53)
	at aed.Funciones.factorialRecursivo(Funciones.java:53)
	at aed.Funciones.factorialRecursivo(Funciones.java:53)
	at aed.Funciones.factorialRecursivo(Funciones.java:53)
	at aed.Funciones.factorialRecursivo(Funciones.java:53)
	at aed.Funciones.factorialRecursivo(Funciones.java:53)
	at aed.Funciones.factorialRecursivo(Funciones.java:53)
	at aed.Funciones.factorialRecursivo(Funciones.java:53)
	at aed.Funciones.factorialRecursivo(Funciones.java:53)
	at aed.Funciones.factorialRecursivo(Funciones.java:53)
	at aed.Funciones.factorialRecursivo(Funciones.java:53)
	at aed.Funciones.factorialRecursivo(Funciones.java:53)
	at aed.Funciones.factorialRecursivo(Funciones.java:53)
	at aed.Funciones.factorialRecursivo(Funciones.java:53)
	at aed.Funciones.factorialRecursivo(Funciones.java:53)
	at aed.Funciones.factorialRecursivo(Funciones.java:53)
	at aed.Funciones.factorialRecursivo(Funciones.java:53)
	at aed.Funciones.factorialRecursivo(Funciones.java:53)
	at aed.Funciones.factorialRecursivo(Funciones.java:53)
	at aed.Funciones.factorialRecursivo(Funciones.java:53)
	at aed.Funciones.factorialRecursivo(Funciones.java:53)
	at aed.Funciones.factorialRecursivo(Funciones.java:53)
	at aed.Funciones.factorialRecursivo(Funciones.java:53)
	at aed.Funciones.factorialRecursivo(Funciones.java:53)
	at aed.Funciones.factorialRecursivo(Funciones.java:53)
	at aed.Funciones.factorialRecursivo(Funciones.java:53)
	at aed.Funciones.factorialRecursivo(Funciones.java:53)
	at aed.Funciones.factorialRecursivo(Funciones.java:53)
	at aed.Funciones.factorialRecursivo(Funciones.java:53)
	at aed.Funciones.factorialRecursivo(Funciones.java:53)
	at aed.Funciones.factorialRecursivo(Funciones.java:53)
	at aed.Funciones.factorialRecursivo(Funciones.java:53)
	at aed.Funciones.factorialRecursivo(Funciones.java:53)
	at aed.Funciones.factorialRecursivo(Funciones.java:53)
	at aed.Funciones.factorialRecursivo(Funciones.java:53)
	at aed.Funciones.factorialRecursivo(Funciones.java:53)
	at aed.Funciones.factorialRecursivo(Funciones.java:53)
	at aed.Funciones.factorialRecursivo(Funciones.java:53)
	at aed.Funciones.factorialRecursivo(Funciones.java:53)
	at aed.Funciones.factorialRecursivo(Funciones.java:53)
	at aed.Funciones.factorialRecursivo(Funciones.java:53)
	at aed.Funciones.factorialRecursivo(Funciones.java:53)
	at aed.Funciones.factorialRecursivo(Funciones.java:53)
	at aed.Funciones.factorialRecursivo(Funciones.java:53)
	at aed.Funciones.factorialRecursivo(Funciones.java:53)
	at aed.Funciones.factorialRecursivo(Funciones.java:53)
	at aed.Funciones.factorialRecursivo(Funciones.java:53)
	at aed.Funciones.factorialRecursivo(Funciones.java:53)
	at aed.Funciones.factorialRecursivo(Funciones.java:53)
	at aed.Funciones.factorialRecursivo(Funciones.java:53)
	at aed.Funciones.factorialRecursivo(Funciones.java:53)
	at aed.Funciones.factorialRecursivo(Funciones.java:53)
	at aed.Funciones.factorialRecursivo(Funciones.java:53)
	at aed.Funciones.factorialRecursivo(Funciones.java:53)
	at aed.Funciones.factorialRecursivo(Funciones.java:53)
	at aed.Funciones.factorialRecursivo(Funciones.java:53)
	at aed.Funciones.factorialRecursivo(Funciones.java:53)
	at aed.Funciones.factorialRecursivo(Funciones.java:53)
	at aed.Funciones.factorialRecursivo(Funciones.java:53)
	at aed.Funciones.factorialRecursivo(Funciones.java:53)
	at aed.Funciones.factorialRecursivo(Funciones.java:53)
	at aed.Funciones.factorialRecursivo(Funciones.java:53)
	at aed.Funciones.factorialRecursivo(Funciones.java:53)
	at aed.Funciones.factorialRecursivo(Funciones.java:53)
	at aed.Funciones.factorialRecursivo(Funciones.java:53)
	at aed.Funciones.factorialRecursivo(Funciones.java:53)
	at aed.Funciones.factorialRecursivo(Funciones.java:53)
	at aed.Funciones.factorialRecursivo(Funciones.java:53)
	at aed.Funciones.factorialRecursivo(Funciones.java:53)
	at aed.Funciones.factorialRecursivo(Funciones.java:53)
	at aed.Funciones.factorialRecursivo(Funciones.java:53)
	at aed.Funciones.factorialRecursivo(Funciones.java:53)
	at aed.Funciones.factorialRecursivo(Funciones.java:53)
	at aed.Funciones.factorialRecursivo(Funciones.java:53)
	at aed.Funciones.factorialRecursivo(Funciones.java:53)
	at aed.Funciones.factorialRecursivo(Funciones.java:53)
	at aed.Funciones.factorialRecursivo(Funciones.java:53)
	at aed.Funciones.factorialRecursivo(Funciones.java:53)
	at aed.Funciones.factorialRecursivo(Funciones.java:53)
	at aed.Funciones.factorialRecursivo(Funciones.java:53)
	at aed.Funciones.factorialRecursivo(Funciones.java:53)
	at aed.Funciones.factorialRecursivo(Funciones.java:53)
	at aed.Funciones.factorialRecursivo(Funciones.java:53)
	at aed.Funciones.factorialRecursivo(Funciones.java:53)
	at aed.Funciones.factorialRecursivo(Funciones.java:53)
	at aed.Funciones.factorialRecursivo(Funciones.java:53)
	at aed.Funciones.factorialRecursivo(Funciones.java:53)
	at aed.Funciones.factorialRecursivo(Funciones.java:53)
	at aed.Funciones.factorialRecursivo(Funciones.java:53)
	at aed.Funciones.factorialRecursivo(Funciones.java:53)
	at aed.Funciones.factorialRecursivo(Funciones.java:53)
	at aed.Funciones.factorialRecursivo(Funciones.java:53)
	at aed.Funciones.factorialRecursivo(Funciones.java:53)
	at aed.Funciones.factorialRecursivo(Funciones.java:53)
	at aed.Funciones.factorialRecursivo(Funciones.java:53)
	at aed.Funciones.factorialRecursivo(Funciones.java:53)
	at aed.Funciones.factorialRecursivo(Funciones.java:53)
	at aed.Funciones.factorialRecursivo(Funciones.java:53)
	at aed.Funciones.factorialRecursivo(Funciones.java:53)
	at aed.Funciones.factorialRecursivo(Funciones.java:53)
	at aed.Funciones.factorialRecursivo(Funciones.java:53)
	at aed.Funciones.factorialRecursivo(Funciones.java:53)
	at aed.Funciones.factorialRecursivo(Funciones.java:53)
	at aed.Funciones.factorialRecursivo(Funciones.java:53)
	at aed.Funciones.factorialRecursivo(Funciones.java:53)
	at aed.Funciones.factorialRecursivo(Funciones.java:53)
	at aed.Funciones.factorialRecursivo(Funciones.java:53)
	at aed.Funciones.factorialRecursivo(Funciones.java:53)
	at aed.Funciones.factorialRecursivo(Funciones.java:53)
	at aed.Funciones.factorialRecursivo(Funciones.java:53)
	at aed.Funciones.factorialRecursivo(Funciones.java:53)
	at aed.Funciones.factorialRecursivo(Funciones.java:53)
	at aed.Funciones.factorialRecursivo(Funciones.java:53)
	at aed.Funciones.factorialRecursivo(Funciones.java:53)
	at aed.Funciones.factorialRecursivo(Funciones.java:53)
	at aed.Funciones.factorialRecursivo(Funciones.java:53)
	at aed.Funciones.factorialRecursivo(Funciones.java:53)
	at aed.Funciones.factorialRecursivo(Funciones.java:53)
	at aed.Funciones.factorialRecursivo(Funciones.java:53)
	at aed.Funciones.factorialRecursivo(Funciones.java:53)
	at aed.Funciones.factorialRecursivo(Funciones.java:53)
	at aed.Funciones.factorialRecursivo(Funciones.java:53)
	at aed.Funciones.factorialRecursivo(Funciones.java:53)
	at aed.Funciones.factorialRecursivo(Funciones.java:53)
	at aed.Funciones.factorialRecursivo(Funciones.java:53)
	at aed.Funciones.factorialRecursivo(Funciones.java:53)
	at aed.Funciones.factorialRecursivo(Funciones.java:53)
	at aed.Funciones.factorialRecursivo(Funciones.java:53)
	at aed.Funciones.factorialRecursivo(Funciones.java:53)
	at aed.Funciones.factorialRecursivo(Funciones.java:53)
	at aed.Funciones.factorialRecursivo(Funciones.java:53)
	at aed.Funciones.factorialRecursivo(Funciones.java:53)
	at aed.Funciones.factorialRecursivo(Funciones.java:53)
	at aed.Funciones.factorialRecursivo(Funciones.java:53)
	at aed.Funciones.factorialRecursivo(Funciones.java:53)
	at aed.Funciones.factorialRecursivo(Funciones.java:53)
	at aed.Funciones.factorialRecursivo(Funciones.java:53)
	at aed.Funciones.factorialRecursivo(Funciones.java:53)
	at aed.Funciones.factorialRecursivo(Funciones.java:53)
	at aed.Funciones.factorialRecursivo(Funciones.java:53)
	at aed.Funciones.factorialRecursivo(Funciones.java:53)
	at aed.Funciones.factorialRecursivo(Funciones.java:53)
	at aed.Funciones.factorialRecursivo(Funciones.java:53)
	at aed.Funciones.factorialRecursivo(Funciones.java:53)
	at aed.Funciones.factorialRecursivo(Funciones.java:53)
	at aed.Funciones.factorialRecursivo(Funciones.java:53)
	at aed.Funciones.factorialRecursivo(Funciones.java:53)
	at aed.Funciones.factorialRecursivo(Funciones.java:53)
	at aed.Funciones.factorialRecursivo(Funciones.java:53)
	at aed.Funciones.factorialRecursivo(Funciones.java:53)
	at aed.Funciones.factorialRecursivo(Funciones.java:53)
	at aed.Funciones.factorialRecursivo(Funciones.java:53)
	at aed.Funciones.factorialRecursivo(Funciones.java:53)
	at aed.Funciones.factorialRecursivo(Funciones.java:53)
	at aed.Funciones.factorialRecursivo(Funciones.java:53)
	at aed.Funciones.factorialRecursivo(Funciones.java:53)
	at aed.Funciones.factorialRecursivo(Funciones.java:53)
	at aed.Funciones.factorialRecursivo(Funciones.java:53)
	at aed.Funciones.factorialRecursivo(Funciones.java:53)
	at aed.Funciones.factorialRecursivo(Funciones.java:53)
	at aed.Funciones.factorialRecursivo(Funciones.java:53)
	at aed.Funciones.factorialRecursivo(Funciones.java:53)
	at aed.Funciones.factorialRecursivo(Funciones.java:53)
	at aed.Funciones.factorialRecursivo(Funciones.java:53)
	at aed.Funciones.factorialRecursivo(Funciones.java:53)
	at aed.Funciones.factorialRecursivo(Funciones.java:53)
	at aed.Funciones.factorialRecursivo(Funciones.java:53)
	at aed.Funciones.factorialRecursivo(Funciones.java:53)
	at aed.Funciones.factorialRecursivo(Funciones.java:53)
	at aed.Funciones.factorialRecursivo(Funciones.java:53)
	at aed.Funciones.factorialRecursivo(Funciones.java:53)
	at aed.Funciones.factorialRecursivo(Funciones.java:53)
	at aed.Funciones.factorialRecursivo(Funciones.java:53)
	at aed.Funciones.factorialRecursivo(Funciones.java:53)
	at aed.Funciones.factorialRecursivo(Funciones.java:53)
	at aed.Funciones.factorialRecursivo(Funciones.java:53)
	at aed.Funciones.factorialRecursivo(Funciones.java:53)
	at aed.Funciones.factorialRecursivo(Funciones.java:53)
	at aed.Funciones.factorialRecursivo(Funciones.java:53)
	at aed.Funciones.factorialRecursivo(Funciones.java:53)
	at aed.Funciones.factorialRecursivo(Funciones.java:53)
	at aed.Funciones.factorialRecursivo(Funciones.java:53)
	at aed.Funciones.factorialRecursivo(Funciones.java:53)
	at aed.Funciones.factorialRecursivo(Funciones.java:53)
	at aed.Funciones.factorialRecursivo(Funciones.java:53)
	at aed.Funciones.factorialRecursivo(Funciones.java:53)
	at aed.Funciones.factorialRecursivo(Funciones.java:53)
	at aed.Funciones.factorialRecursivo(Funciones.java:53)
	at aed.Funciones.factorialRecursivo(Funciones.java:53)
	at aed.Funciones.factorialRecursivo(Funciones.java:53)
	at aed.Funciones.factorialRecursivo(Funciones.java:53)
	at aed.Funciones.factorialRecursivo(Funciones.java:53)
	at aed.Funciones.factorialRecursivo(Funciones.java:53)
	at aed.Funciones.factorialRecursivo(Funciones.java:53)
	at aed.Funciones.factorialRecursivo(Funciones.java:53)
	at aed.Funciones.factorialRecursivo(Funciones.java:53)
	at aed.Funciones.factorialRecursivo(Funciones.java:53)
	at aed.Funciones.factorialRecursivo(Funciones.java:53)
	at aed.Funciones.factorialRecursivo(Funciones.java:53)
	at aed.Funciones.factorialRecursivo(Funciones.java:53)
	at aed.Funciones.factorialRecursivo(Funciones.java:53)
	at aed.Funciones.factorialRecursivo(Funciones.java:53)
	at aed.Funciones.factorialRecursivo(Funciones.java:53)
	at aed.Funciones.factorialRecursivo(Funciones.java:53)
	at aed.Funciones.factorialRecursivo(Funciones.java:53)
	at aed.Funciones.factorialRecursivo(Funciones.java:53)
	at aed.Funciones.factorialRecursivo(Funciones.java:53)
	at aed.Funciones.factorialRecursivo(Funciones.java:53)
	at aed.Funciones.factorialRecursivo(Funciones.java:53)
	at aed.Funciones.factorialRecursivo(Funciones.java:53)
	at aed.Funciones.factorialRecursivo(Funciones.java:53)
	at aed.Funciones.factorialRecursivo(Funciones.java:53)
	at aed.Funciones.factorialRecursivo(Funciones.java:53)
	at aed.Funciones.factorialRecursivo(Funciones.java:53)
	at aed.Funciones.factorialRecursivo(Funciones.java:53)
	at aed.Funciones.factorialRecursivo(Funciones.java:53)
	at aed.Funciones.factorialRecursivo(Funciones.java:53)
	at aed.Funciones.factorialRecursivo(Funciones.java:53)
	at aed.Funciones.factorialRecursivo(Funciones.java:53)
	at aed.Funciones.factorialRecursivo(Funciones.java:53)
	at aed.Funciones.factorialRecursivo(Funciones.java:53)
	at aed.Funciones.factorialRecursivo(Funciones.java:53)
	at aed.Funciones.factorialRecursivo(Funciones.java:53)
	at aed.Funciones.factorialRecursivo(Funciones.java:53)
	at aed.Funciones.factorialRecursivo(Funciones.java:53)
	at aed.Funciones.factorialRecursivo(Funciones.java:53)
	at aed.Funciones.factorialRecursivo(Funciones.java:53)
	at aed.Funciones.factorialRecursivo(Funciones.java:53)
	at aed.Funciones.factorialRecursivo(Funciones.java:53)
	at aed.Funciones.factorialRecursivo(Funciones.java:53)
	at aed.Funciones.factorialRecursivo(Funciones.java:53)
	at aed.Funciones.factorialRecursivo(Funciones.java:53)
	at aed.Funciones.factorialRecursivo(Funciones.java:53)
	at aed.Funciones.factorialRecursivo(Funciones.java:53)
	at aed.Funciones.factorialRecursivo(Funciones.java:53)
	at aed.Funciones.factorialRecursivo(Funciones.java:53)
	at aed.Funciones.factorialRecursivo(Funciones.java:53)
	at aed.Funciones.factorialRecursivo(Funciones.java:53)
	at aed.Funciones.factorialRecursivo(Funciones.java:53)
	at aed.Funciones.factorialRecursivo(Funciones.java:53)
	at aed.Funciones.factorialRecursivo(Funciones.java:53)
	at aed.Funciones.factorialRecursivo(Funciones.java:53)
	at aed.Funciones.factorialRecursivo(Funciones.java:53)
	at aed.Funciones.factorialRecursivo(Funciones.java:53)
	at aed.Funciones.factorialRecursivo(Funciones.java:53)
	at aed.Funciones.factorialRecursivo(Funciones.java:53)
	at aed.Funciones.factorialRecursivo(Funciones.java:53)
	at aed.Funciones.factorialRecursivo(Funciones.java:53)
	at aed.Funciones.factorialRecursivo(Funciones.java:53)
	at aed.Funciones.factorialRecursivo(Funciones.java:53)
	at aed.Funciones.factorialRecursivo(Funciones.java:53)
	at aed.Funciones.factorialRecursivo(Funciones.java:53)
	at aed.Funciones.factorialRecursivo(Funciones.java:53)
	at aed.Funciones.factorialRecursivo(Funciones.java:53)
	at aed.Funciones.factorialRecursivo(Funciones.java:53)
	at aed.Funciones.factorialRecursivo(Funciones.java:53)
	at aed.Funciones.factorialRecursivo(Funciones.java:53)
	at aed.Funciones.factorialRecursivo(Funciones.java:53)
	at aed.Funciones.factorialRecursivo(Funciones.java:53)
	at aed.Funciones.factorialRecursivo(Funciones.java:53)
	at aed.Funciones.factorialRecursivo(Funciones.java:53)
	at aed.Funciones.factorialRecursivo(Funciones.java:53)
	at aed.Funciones.factorialRecursivo(Funciones.java:53)
	at aed.Funciones.factorialRecursivo(Funciones.java:53)
	at aed.Funciones.factorialRecursivo(Funciones.java:53)
	at aed.Funciones.factorialRecursivo(Funciones.java:53)
	at aed.Funciones.factorialRecursivo(Funciones.java:53)
	at aed.Funciones.factorialRecursivo(Funciones.java:53)
	at aed.Funciones.factorialRecursivo(Funciones.java:53)
	at aed.Funciones.factorialRecursivo(Funciones.java:53)
	at aed.Funciones.factorialRecursivo(Funciones.java:53)
	at aed.Funciones.factorialRecursivo(Funciones.java:53)
	at aed.Funciones.factorialRecursivo(Funciones.java:53)
	at aed.Funciones.factorialRecursivo(Funciones.java:53)
	at aed.Funciones.factorialRecursivo(Funciones.java:53)
	at aed.Funciones.factorialRecursivo(Funciones.java:53)
	at aed.Funciones.factorialRecursivo(Funciones.java:53)
	at aed.Funciones.factorialRecursivo(Funciones.java:53)
	at aed.Funciones.factorialRecursivo(Funciones.java:53)
	at aed.Funciones.factorialRecursivo(Funciones.java:53)
	at aed.Funciones.factorialRecursivo(Funciones.java:53)
	at aed.Funciones.factorialRecursivo(Funciones.java:53)
	at aed.Funciones.factorialRecursivo(Funciones.java:53)
	at aed.Funciones.factorialRecursivo(Funciones.java:53)
	at aed.Funciones.factorialRecursivo(Funciones.java:53)
	at aed.Funciones.factorialRecursivo(Funciones.java:53)
	at aed.Funciones.factorialRecursivo(Funciones.java:53)
	at aed.Funciones.factorialRecursivo(Funciones.java:53)
	at aed.Funciones.factorialRecursivo(Funciones.java:53)
	at aed.Funciones.factorialRecursivo(Funciones.java:53)
	at aed.Funciones.factorialRecursivo(Funciones.java:53)
	at aed.Funciones.factorialRecursivo(Funciones.java:53)
	at aed.Funciones.factorialRecursivo(Funciones.java:53)
	at aed.Funciones.factorialRecursivo(Funciones.java:53)
	at aed.Funciones.factorialRecursivo(Funciones.java:53)
	at aed.Funciones.factorialRecursivo(Funciones.java:53)
	at aed.Funciones.factorialRecursivo(Funciones.java:53)
	at aed.Funciones.factorialRecursivo(Funciones.java:53)
	at aed.Funciones.factorialRecursivo(Funciones.java:53)
	at aed.Funciones.factorialRecursivo(Funciones.java:53)
	at aed.Funciones.factorialRecursivo(Funciones.java:53)
	at aed.Funciones.factorialRecursivo(Funciones.java:53)
	at aed.Funciones.factorialRecursivo(Funciones.java:53)
	at aed.Funciones.factorialRecursivo(Funciones.java:53)
	at aed.Funciones.factorialRecursivo(Funciones.java:53)
	at aed.Funciones.factorialRecursivo(Funciones.java:53)
	at aed.Funciones.factorialRecursivo(Funciones.java:53)
	at aed.Funciones.factorialRecursivo(Funciones.java:53)
	at aed.Funciones.factorialRecursivo(Funciones.java:53)
	at aed.Funciones.factorialRecursivo(Funciones.java:53)
	at aed.Funciones.factorialRecursivo(Funciones.java:53)
	at aed.Funciones.factorialRecursivo(Funciones.java:53)
	at aed.Funciones.factorialRecursivo(Funciones.java:53)
	at aed.Funciones.factorialRecursivo(Funciones.java:53)
	at aed.Funciones.factorialRecursivo(Funciones.java:53)
	at aed.Funciones.factorialRecursivo(Funciones.java:53)
	at aed.Funciones.factorialRecursivo(Funciones.java:53)
	at aed.Funciones.factorialRecursivo(Funciones.java:53)
	at aed.Funciones.factorialRecursivo(Funciones.java:53)
	at aed.Funciones.factorialRecursivo(Funciones.java:53)
	at aed.Funciones.factorialRecursivo(Funciones.java:53)
	at aed.Funciones.factorialRecursivo(Funciones.java:53)
	at aed.Funciones.factorialRecursivo(Funciones.java:53)
	at aed.Funciones.factorialRecursivo(Funciones.java:53)
	at aed.Funciones.factorialRecursivo(Funciones.java:53)
	at aed.Funciones.factorialRecursivo(Funciones.java:53)
	at aed.Funciones.factorialRecursivo(Funciones.java:53)
	at aed.Funciones.factorialRecursivo(Funciones.java:53)
	at aed.Funciones.factorialRecursivo(Funciones.java:53)
	at aed.Funciones.factorialRecursivo(Funciones.java:53)
	at aed.Funciones.factorialRecursivo(Funciones.java:53)
	at aed.Funciones.factorialRecursivo(Funciones.java:53)
	at aed.Funciones.factorialRecursivo(Funciones.java:53)
	at aed.Funciones.factorialRecursivo(Funciones.java:53)
	at aed.Funciones.factorialRecursivo(Funciones.java:53)
	at aed.Funciones.factorialRecursivo(Funciones.java:53)
	at aed.Funciones.factorialRecursivo(Funciones.java:53)
	at aed.Funciones.factorialRecursivo(Funciones.java:53)
	at aed.Funciones.factorialRecursivo(Funciones.java:53)
	at aed.Funciones.factorialRecursivo(Funciones.java:53)
	at aed.Funciones.factorialRecursivo(Funciones.java:53)
	at aed.Funciones.factorialRecursivo(Funciones.java:53)
	at aed.Funciones.factorialRecursivo(Funciones.java:53)
	at aed.Funciones.factorialRecursivo(Funciones.java:53)
	at aed.Funciones.factorialRecursivo(Funciones.java:53)
	at aed.Funciones.factorialRecursivo(Funciones.java:53)
	at aed.Funciones.factorialRecursivo(Funciones.java:53)
	at aed.Funciones.factorialRecursivo(Funciones.java:53)
	at aed.Funciones.factorialRecursivo(Funciones.java:53)
	at aed.Funciones.factorialRecursivo(Funciones.java:53)
	at aed.Funciones.factorialRecursivo(Funciones.java:53)
	at aed.Funciones.factorialRecursivo(Funciones.java:53)
	at aed.Funciones.factorialRecursivo(Funciones.java:53)
	at aed.Funciones.factorialRecursivo(Funciones.java:53)
	at aed.Funciones.factorialRecursivo(Funciones.java:53)
	at aed.Funciones.factorialRecursivo(Funciones.java:53)
	at aed.Funciones.factorialRecursivo(Funciones.java:53)
	at aed.Funciones.factorialRecursivo(Funciones.java:53)
	at aed.Funciones.factorialRecursivo(Funciones.java:53)
	at aed.Funciones.factorialRecursivo(Funciones.java:53)
	at aed.Funciones.factorialRecursivo(Funciones.java:53)
	at aed.Funciones.factorialRecursivo(Funciones.java:53)
	at aed.Funciones.factorialRecursivo(Funciones.java:53)
	at aed.Funciones.factorialRecursivo(Funciones.java:53)
	at aed.Funciones.factorialRecursivo(Funciones.java:53)
	at aed.Funciones.factorialRecursivo(Funciones.java:53)
	at aed.Funciones.factorialRecursivo(Funciones.java:53)
	at aed.Funciones.factorialRecursivo(Funciones.java:53)
	at aed.Funciones.factorialRecursivo(Funciones.java:53)
	at aed.Funciones.factorialRecursivo(Funciones.java:53)
	at aed.Funciones.factorialRecursivo(Funciones.java:53)
	at aed.Funciones.factorialRecursivo(Funciones.java:53)
	at aed.Funciones.factorialRecursivo(Funciones.java:53)
	at aed.Funciones.factorialRecursivo(Funciones.java:53)
	at aed.Funciones.factorialRecursivo(Funciones.java:53)
	at aed.Funciones.factorialRecursivo(Funciones.java:53)
	at aed.Funciones.factorialRecursivo(Funciones.java:53)
	at aed.Funciones.factorialRecursivo(Funciones.java:53)
	at aed.Funciones.factorialRecursivo(Funciones.java:53)
	at aed.Funciones.factorialRecursivo(Funciones.java:53)
	at aed.Funciones.factorialRecursivo(Funciones.java:53)
	at aed.Funciones.factorialRecursivo(Funciones.java:53)
	at aed.Funciones.factorialRecursivo(Funciones.java:53)
	at aed.Funciones.factorialRecursivo(Funciones.java:53)
	at aed.Funciones.factorialRecursivo(Funciones.java:53)
	at aed.Funciones.factorialRecursivo(Funciones.java:53)
	at aed.Funciones.factorialRecursivo(Funciones.java:53)
	at aed.Funciones.factorialRecursivo(Funciones.java:53)
	at aed.Funciones.factorialRecursivo(Funciones.java:53)
	at aed.Funciones.factorialRecursivo(Funciones.java:53)
	at aed.Funciones.factorialRecursivo(Funciones.java:53)
	at aed.Funciones.factorialRecursivo(Funciones.java:53)
	at aed.Funciones.factorialRecursivo(Funciones.java:53)
	at aed.Funciones.factorialRecursivo(Funciones.java:53)
	at aed.Funciones.factorialRecursivo(Funciones.java:53)
	at aed.Funciones.factorialRecursivo(Funciones.java:53)
	at aed.Funciones.factorialRecursivo(Funciones.java:53)
	at aed.Funciones.factorialRecursivo(Funciones.java:53)
	at aed.Funciones.factorialRecursivo(Funciones.java:53)
	at aed.Funciones.factorialRecursivo(Funciones.java:53)
	at aed.Funciones.factorialRecursivo(Funciones.java:53)
	at aed.Funciones.factorialRecursivo(Funciones.java:53)
	at aed.Funciones.factorialRecursivo(Funciones.java:53)
	at aed.Funciones.factorialRecursivo(Funciones.java:53)
	at aed.Funciones.factorialRecursivo(Funciones.java:53)
	at aed.Funciones.factorialRecursivo(Funciones.java:53)
	at aed.Funciones.factorialRecursivo(Funciones.java:53)
	at aed.Funciones.factorialRecursivo(Funciones.java:53)
	at aed.Funciones.factorialRecursivo(Funciones.java:53)
	at aed.Funciones.factorialRecursivo(Funciones.java:53)
	at aed.Funciones.factorialRecursivo(Funciones.java:53)
	at aed.Funciones.factorialRecursivo(Funciones.java:53)
	at aed.Funciones.factorialRecursivo(Funciones.java:53)
	at aed.Funciones.factorialRecursivo(Funciones.java:53)
	at aed.Funciones.factorialRecursivo(Funciones.java:53)
	at aed.Funciones.factorialRecursivo(Funciones.java:53)
	at aed.Funciones.factorialRecursivo(Funciones.java:53)
	at aed.Funciones.factorialRecursivo(Funciones.java:53)
	at aed.Funciones.factorialRecursivo(Funciones.java:53)
	at aed.Funciones.factorialRecursivo(Funciones.java:53)
	at aed.Funciones.factorialRecursivo(Funciones.java:53)
	at aed.Funciones.factorialRecursivo(Funciones.java:53)
	at aed.Funciones.factorialRecursivo(Funciones.java:53)
	at aed.Funciones.factorialRecursivo(Funciones.java:53)

