<?xml version="1.0" encoding="UTF-8"?>
<testsuite xmlns:xsi="http://www.w3.org/2001/XMLSchema-instance" xsi:noNamespaceSchemaLocation="https://maven.apache.org/surefire/maven-surefire-plugin/xsd/surefire-test-report-3.0.xsd" version="3.0" name="aed.ListaEnlazadaTests" time="0.123" tests="16" errors="0" skipped="0" failures="0">
  <properties>
[...]
</properties>
  <testcase name="imprimirLista" classname="aed.ListaEnlazadaTests" time="0.063"/>
  <testcase name="nuevaListaEstaVacia" classname="aed.ListaEnlazadaTests" time="0.001"/>
  <testcase name="iteradorRecorreListaHaciaAdelante" classname="aed.ListaEnlazadaTests" time="0.004"/>
  <testcase name="agregarVariosElementosSoloAtras" classname="aed.ListaEnlazadaTests" time="0.001"/>
  <testcase name="eliminarElementos" classname="aed.ListaEnlazadaTests" time="0.001"/>
  <testcase name="copiarListaConstructor" classname="aed.ListaEnlazadaTests" time="0.001"/>
  <testcase name="imprimirLuegoDeEliminar" classname="aed.ListaEnlazadaTests" time="0.001"/>
  <testcase name="agregarUnElementoAdelante" classname="aed.ListaEnlazadaTests" time="0.002"/>
  <testcase name="agregarVariosElementosAdelanteYAtras" classname="aed.ListaEnlazadaTests" time="0.001"/>
  <testcase name="iteradorListaVacia" classname="aed.ListaEnlazadaTests" time="0.001"/>
  <testcase name="listaDeElemComplejo" classname="aed.ListaEnlazadaTests" time="0.001"/>
  <testcase name="agregarVariosElementosSoloAdelante" classname="aed.ListaEnlazadaTests" time="0"/>
  <testcase name="eliminarExtremos" classname="aed.ListaEnlazadaTests" time="0"/>
  <testcase name="modificarPosición" classname="aed.ListaEnlazadaTests" time="0.001"/>
  <testcase name="agregarUnElementoAtras" classname="aed.ListaEnlazadaTests" time="0.001"/>
  <testcase name="iteradorEsBidireccional" classname="aed.ListaEnlazadaTests" time="0"/>
</testsuite>